<?xml version="1.0" encoding="UTF-8"?>
<coverage generated="1721198746391" clover="3.2.0">
  <project timestamp="1721198746391" name="All files">
    <metrics statements="30" coveredstatements="0" conditionals="14" coveredconditionals="0" methods="3" coveredmethods="0" elements="47" coveredelements="0" complexity="0" loc="30" ncloc="30" packages="1" files="2" classes="2"/>
    <file name="ApiRequest.js" path="/Users/anksharm56/development/SampleProjects/React Native Sample/PokemonRN/src/network-service/ApiRequest.js">
      <metrics statements="18" coveredstatements="0" conditionals="5" coveredconditionals="0" methods="1" coveredmethods="0"/>
      <line num="4" count="0" type="stmt"/>
      <line num="6" count="0" type="cond" truecount="0" falsecount="1"/>
      <line num="7" count="0" type="stmt"/>
      <line num="8" count="0" type="stmt"/>
      <line num="10" count="0" type="stmt"/>
      <line num="11" count="0" type="stmt"/>
      <line num="12" count="0" type="cond" truecount="0" falsecount="2"/>
      <line num="13" count="0" type="stmt"/>
      <line num="17" count="0" type="stmt"/>
      <line num="18" count="0" type="stmt"/>
      <line num="19" count="0" type="stmt"/>
      <line num="26" count="0" type="stmt"/>
      <line num="27" count="0" type="cond" truecount="0" falsecount="2"/>
      <line num="28" count="0" type="stmt"/>
      <line num="31" count="0" type="stmt"/>
      <line num="32" count="0" type="stmt"/>
      <line num="34" count="0" type="stmt"/>
      <line num="35" count="0" type="stmt"/>
    </file>
    <file name="PokemonApi.js" path="/Users/anksharm56/development/SampleProjects/React Native Sample/PokemonRN/src/network-service/PokemonApi.js">
      <metrics statements="12" coveredstatements="0" conditionals="9" coveredconditionals="0" methods="2" coveredmethods="0"/>
      <line num="1" count="0" type="stmt"/>
      <line num="10" count="0" type="cond" truecount="0" falsecount="7"/>
      <line num="12" count="0" type="stmt"/>
      <line num="14" count="0" type="stmt"/>
      <line num="16" count="0" type="stmt"/>
      <line num="18" count="0" type="stmt"/>
      <line num="20" count="0" type="stmt"/>
      <line num="22" count="0" type="stmt"/>
      <line num="24" count="0" type="stmt"/>
      <line num="29" count="0" type="cond" truecount="0" falsecount="2"/>
      <line num="31" count="0" type="stmt"/>
      <line num="36" count="0" type="stmt"/>
    </file>
  </project>
</coverage>
