{"/Users/anksharm56/development/SampleProjects/React Native Sample/PokemonRN/App.tsx": {"path":"/Users/anksharm56/development/SampleProjects/React Native Sample/PokemonRN/App.tsx","statementMap":{"0":{"start":{"line":10,"column":20},"end":{"line":10,"column":37}},"1":{"start":{"line":11,"column":14},"end":{"line":11,"column":42}},"2":{"start":{"line":12,"column":31},"end":{"line":20,"column":1}},"3":{"start":{"line":23,"column":2},"end":{"line":23,"column":37}},"4":{"start":{"line":24,"column":2},"end":{"line":40,"column":4}}},"fnMap":{"0":{"name":"App","decl":{"start":{"line":22,"column":24},"end":{"line":22,"column":27}},"loc":{"start":{"line":22,"column":30},"end":{"line":41,"column":1}},"line":22}},"branchMap":{},"s":{"0":0,"1":0,"2":0,"3":0,"4":0},"f":{"0":0},"b":{}}
,"/Users/anksharm56/development/SampleProjects/React Native Sample/PokemonRN/src/components/atoms/ActivityIndicatorView.tsx": {"path":"/Users/anksharm56/development/SampleProjects/React Native Sample/PokemonRN/src/components/atoms/ActivityIndicatorView.tsx","statementMap":{"0":{"start":{"line":10,"column":30},"end":{"line":23,"column":1}},"1":{"start":{"line":15,"column":2},"end":{"line":22,"column":4}},"2":{"start":{"line":25,"column":15},"end":{"line":35,"column":2}}},"fnMap":{"0":{"name":"(anonymous_0)","decl":{"start":{"line":10,"column":30},"end":{"line":10,"column":31}},"loc":{"start":{"line":14,"column":30},"end":{"line":23,"column":1}},"line":14}},"branchMap":{"0":{"loc":{"start":{"line":11,"column":2},"end":{"line":11,"column":16}},"type":"default-arg","locations":[{"start":{"line":11,"column":9},"end":{"line":11,"column":16}}],"line":11},"1":{"loc":{"start":{"line":12,"column":2},"end":{"line":12,"column":16}},"type":"default-arg","locations":[{"start":{"line":12,"column":10},"end":{"line":12,"column":16}}],"line":12},"2":{"loc":{"start":{"line":13,"column":2},"end":{"line":13,"column":12}},"type":"default-arg","locations":[{"start":{"line":13,"column":10},"end":{"line":13,"column":12}}],"line":13}},"s":{"0":2,"1":8,"2":2},"f":{"0":8},"b":{"0":[7],"1":[7],"2":[7]},"_coverageSchema":"1a1c01bbd47fc00a2c39e90264f33305004495a9","hash":"c2f3643f5bb46357747e30a3afb0df5c766ec50e"}
,"/Users/anksharm56/development/SampleProjects/React Native Sample/PokemonRN/src/components/atoms/ImageView.tsx": {"path":"/Users/anksharm56/development/SampleProjects/React Native Sample/PokemonRN/src/components/atoms/ImageView.tsx","statementMap":{"0":{"start":{"line":10,"column":18},"end":{"line":29,"column":1}},"1":{"start":{"line":11,"column":32},"end":{"line":11,"column":46}},"2":{"start":{"line":13,"column":26},"end":{"line":15,"column":3}},"3":{"start":{"line":14,"column":4},"end":{"line":14,"column":22}},"4":{"start":{"line":17,"column":2},"end":{"line":28,"column":4}},"5":{"start":{"line":32,"column":15},"end":{"line":43,"column":2}}},"fnMap":{"0":{"name":"(anonymous_0)","decl":{"start":{"line":10,"column":18},"end":{"line":10,"column":19}},"loc":{"start":{"line":10,"column":64},"end":{"line":29,"column":1}},"line":10},"1":{"name":"(anonymous_1)","decl":{"start":{"line":13,"column":26},"end":{"line":13,"column":27}},"loc":{"start":{"line":13,"column":32},"end":{"line":15,"column":3}},"line":13}},"branchMap":{"0":{"loc":{"start":{"line":19,"column":7},"end":{"line":19,"column":71}},"type":"binary-expr","locations":[{"start":{"line":19,"column":7},"end":{"line":19,"column":14}},{"start":{"line":19,"column":18},"end":{"line":19,"column":71}}],"line":19}},"s":{"0":1,"1":5,"2":5,"3":1,"4":5,"5":1},"f":{"0":5,"1":1},"b":{"0":[5,4]},"_coverageSchema":"1a1c01bbd47fc00a2c39e90264f33305004495a9","hash":"a4d227ac5e78ebfd9963666b818e2514853311dc"}
,"/Users/anksharm56/development/SampleProjects/React Native Sample/PokemonRN/src/components/atoms/PopupView.tsx": {"path":"/Users/anksharm56/development/SampleProjects/React Native Sample/PokemonRN/src/components/atoms/PopupView.tsx","statementMap":{"0":{"start":{"line":6,"column":18},"end":{"line":33,"column":1}},"1":{"start":{"line":7,"column":42},"end":{"line":7,"column":57}},"2":{"start":{"line":8,"column":2},"end":{"line":32,"column":4}},"3":{"start":{"line":15,"column":10},"end":{"line":15,"column":48}},"4":{"start":{"line":16,"column":10},"end":{"line":16,"column":41}},"5":{"start":{"line":24,"column":29},"end":{"line":24,"column":59}},"6":{"start":{"line":35,"column":15},"end":{"line":77,"column":2}}},"fnMap":{"0":{"name":"(anonymous_0)","decl":{"start":{"line":6,"column":18},"end":{"line":6,"column":19}},"loc":{"start":{"line":6,"column":24},"end":{"line":33,"column":1}},"line":6},"1":{"name":"(anonymous_1)","decl":{"start":{"line":14,"column":24},"end":{"line":14,"column":25}},"loc":{"start":{"line":14,"column":30},"end":{"line":17,"column":9}},"line":14},"2":{"name":"(anonymous_2)","decl":{"start":{"line":24,"column":23},"end":{"line":24,"column":24}},"loc":{"start":{"line":24,"column":29},"end":{"line":24,"column":59}},"line":24}},"branchMap":{},"s":{"0":0,"1":0,"2":0,"3":0,"4":0,"5":0,"6":0},"f":{"0":0,"1":0,"2":0},"b":{}}
,"/Users/anksharm56/development/SampleProjects/React Native Sample/PokemonRN/src/components/organisms/PokemonListItem.tsx": {"path":"/Users/anksharm56/development/SampleProjects/React Native Sample/PokemonRN/src/components/organisms/PokemonListItem.tsx","statementMap":{"0":{"start":{"line":13,"column":34},"end":{"line":13,"column":41}},"1":{"start":{"line":15,"column":2},"end":{"line":31,"column":4}},"2":{"start":{"line":19,"column":32},"end":{"line":22,"column":9}},"3":{"start":{"line":23,"column":23},"end":{"line":23,"column":43}},"4":{"start":{"line":35,"column":15},"end":{"line":69,"column":2}}},"fnMap":{"0":{"name":"PokemonListItem","decl":{"start":{"line":12,"column":9},"end":{"line":12,"column":24}},"loc":{"start":{"line":12,"column":69},"end":{"line":32,"column":1}},"line":12},"1":{"name":"(anonymous_1)","decl":{"start":{"line":19,"column":15},"end":{"line":19,"column":16}},"loc":{"start":{"line":19,"column":32},"end":{"line":22,"column":9}},"line":19},"2":{"name":"(anonymous_2)","decl":{"start":{"line":23,"column":17},"end":{"line":23,"column":18}},"loc":{"start":{"line":23,"column":23},"end":{"line":23,"column":43}},"line":23}},"branchMap":{"0":{"loc":{"start":{"line":21,"column":10},"end":{"line":21,"column":45}},"type":"cond-expr","locations":[{"start":{"line":21,"column":20},"end":{"line":21,"column":38}},{"start":{"line":21,"column":41},"end":{"line":21,"column":45}}],"line":21},"1":{"loc":{"start":{"line":47,"column":14},"end":{"line":47,"column":58}},"type":"cond-expr","locations":[{"start":{"line":47,"column":38},"end":{"line":47,"column":47}},{"start":{"line":47,"column":50},"end":{"line":47,"column":58}}],"line":47}},"s":{"0":0,"1":0,"2":0,"3":0,"4":0},"f":{"0":0,"1":0,"2":0},"b":{"0":[0,0],"1":[0,0]}}
,"/Users/anksharm56/development/SampleProjects/React Native Sample/PokemonRN/src/components/organisms/PokemonSpecies.tsx": {"path":"/Users/anksharm56/development/SampleProjects/React Native Sample/PokemonRN/src/components/organisms/PokemonSpecies.tsx","statementMap":{"0":{"start":{"line":16,"column":23},"end":{"line":66,"column":1}},"1":{"start":{"line":21,"column":6},"end":{"line":24,"column":4}},"2":{"start":{"line":23,"column":31},"end":{"line":23,"column":74}},"3":{"start":{"line":25,"column":2},"end":{"line":31,"column":3}},"4":{"start":{"line":26,"column":4},"end":{"line":30,"column":6}},"5":{"start":{"line":33,"column":2},"end":{"line":39,"column":3}},"6":{"start":{"line":34,"column":4},"end":{"line":38,"column":6}},"7":{"start":{"line":41,"column":2},"end":{"line":41,"column":39}},"8":{"start":{"line":42,"column":28},"end":{"line":44,"column":8}},"9":{"start":{"line":45,"column":32},"end":{"line":47,"column":3}},"10":{"start":{"line":46,"column":15},"end":{"line":46,"column":43}},"11":{"start":{"line":48,"column":29},"end":{"line":50,"column":14}},"12":{"start":{"line":49,"column":20},"end":{"line":49,"column":37}},"13":{"start":{"line":52,"column":2},"end":{"line":52,"column":34}},"14":{"start":{"line":54,"column":2},"end":{"line":65,"column":4}},"15":{"start":{"line":69,"column":15},"end":{"line":86,"column":2}}},"fnMap":{"0":{"name":"(anonymous_0)","decl":{"start":{"line":16,"column":23},"end":{"line":16,"column":24}},"loc":{"start":{"line":16,"column":61},"end":{"line":66,"column":1}},"line":16},"1":{"name":"(anonymous_1)","decl":{"start":{"line":23,"column":13},"end":{"line":23,"column":14}},"loc":{"start":{"line":23,"column":31},"end":{"line":23,"column":74}},"line":23},"2":{"name":"(anonymous_2)","decl":{"start":{"line":46,"column":4},"end":{"line":46,"column":5}},"loc":{"start":{"line":46,"column":15},"end":{"line":46,"column":43}},"line":46},"3":{"name":"(anonymous_3)","decl":{"start":{"line":49,"column":9},"end":{"line":49,"column":10}},"loc":{"start":{"line":49,"column":20},"end":{"line":49,"column":37}},"line":49}},"branchMap":{"0":{"loc":{"start":{"line":25,"column":2},"end":{"line":31,"column":3}},"type":"if","locations":[{"start":{"line":25,"column":2},"end":{"line":31,"column":3}},{"start":{},"end":{}}],"line":25},"1":{"loc":{"start":{"line":33,"column":2},"end":{"line":39,"column":3}},"type":"if","locations":[{"start":{"line":33,"column":2},"end":{"line":39,"column":3}},{"start":{},"end":{}}],"line":33},"2":{"loc":{"start":{"line":42,"column":28},"end":{"line":44,"column":8}},"type":"cond-expr","locations":[{"start":{"line":43,"column":6},"end":{"line":43,"column":33}},{"start":{"line":44,"column":6},"end":{"line":44,"column":8}}],"line":42},"3":{"loc":{"start":{"line":54,"column":9},"end":{"line":65,"column":3}},"type":"cond-expr","locations":[{"start":{"line":55,"column":4},"end":{"line":55,"column":29}},{"start":{"line":56,"column":6},"end":{"line":65,"column":3}}],"line":54},"4":{"loc":{"start":{"line":56,"column":6},"end":{"line":65,"column":3}},"type":"cond-expr","locations":[{"start":{"line":57,"column":4},"end":{"line":57,"column":30}},{"start":{"line":59,"column":4},"end":{"line":64,"column":11}}],"line":56}},"s":{"0":0,"1":0,"2":0,"3":0,"4":0,"5":0,"6":0,"7":0,"8":0,"9":0,"10":0,"11":0,"12":0,"13":0,"14":0,"15":0},"f":{"0":0,"1":0,"2":0,"3":0},"b":{"0":[0,0],"1":[0,0],"2":[0,0],"3":[0,0],"4":[0,0]}}
,"/Users/anksharm56/development/SampleProjects/React Native Sample/PokemonRN/src/components/pages/PokemonDetailScreen.tsx": {"path":"/Users/anksharm56/development/SampleProjects/React Native Sample/PokemonRN/src/components/pages/PokemonDetailScreen.tsx","statementMap":{"0":{"start":{"line":24,"column":32},"end":{"line":24,"column":52}},"1":{"start":{"line":26,"column":2},"end":{"line":30,"column":33}},"2":{"start":{"line":27,"column":4},"end":{"line":29,"column":7}},"3":{"start":{"line":36,"column":6},"end":{"line":39,"column":4}},"4":{"start":{"line":38,"column":31},"end":{"line":38,"column":73}},"5":{"start":{"line":41,"column":2},"end":{"line":54,"column":4}},"6":{"start":{"line":58,"column":15},"end":{"line":71,"column":2}}},"fnMap":{"0":{"name":"PokemonDetailScreen","decl":{"start":{"line":17,"column":9},"end":{"line":17,"column":28}},"loc":{"start":{"line":23,"column":3},"end":{"line":55,"column":1}},"line":23},"1":{"name":"(anonymous_1)","decl":{"start":{"line":26,"column":12},"end":{"line":26,"column":13}},"loc":{"start":{"line":26,"column":18},"end":{"line":30,"column":3}},"line":26},"2":{"name":"(anonymous_2)","decl":{"start":{"line":38,"column":13},"end":{"line":38,"column":14}},"loc":{"start":{"line":38,"column":31},"end":{"line":38,"column":73}},"line":38}},"branchMap":{"0":{"loc":{"start":{"line":41,"column":9},"end":{"line":54,"column":3}},"type":"cond-expr","locations":[{"start":{"line":42,"column":4},"end":{"line":44,"column":11}},{"start":{"line":45,"column":6},"end":{"line":54,"column":3}}],"line":41},"1":{"loc":{"start":{"line":45,"column":6},"end":{"line":54,"column":3}},"type":"cond-expr","locations":[{"start":{"line":46,"column":4},"end":{"line":46,"column":32}},{"start":{"line":48,"column":4},"end":{"line":53,"column":11}}],"line":45}},"s":{"0":0,"1":0,"2":0,"3":0,"4":0,"5":0,"6":0},"f":{"0":0,"1":0,"2":0},"b":{"0":[0,0],"1":[0,0]}}
,"/Users/anksharm56/development/SampleProjects/React Native Sample/PokemonRN/src/components/pages/PokemonListScreen.tsx": {"path":"/Users/anksharm56/development/SampleProjects/React Native Sample/PokemonRN/src/components/pages/PokemonListScreen.tsx","statementMap":{"0":{"start":{"line":16,"column":52},"end":{"line":24,"column":4}},"1":{"start":{"line":19,"column":32},"end":{"line":19,"column":70}},"2":{"start":{"line":21,"column":25},"end":{"line":21,"column":42}},"3":{"start":{"line":22,"column":6},"end":{"line":22,"column":47}},"4":{"start":{"line":26,"column":2},"end":{"line":34,"column":3}},"5":{"start":{"line":27,"column":4},"end":{"line":33,"column":6}},"6":{"start":{"line":36,"column":2},"end":{"line":38,"column":3}},"7":{"start":{"line":37,"column":4},"end":{"line":37,"column":40}},"8":{"start":{"line":41,"column":4},"end":{"line":43,"column":6}},"9":{"start":{"line":47,"column":4},"end":{"line":47,"column":60}},"10":{"start":{"line":50,"column":19},"end":{"line":52,"column":37}},"11":{"start":{"line":51,"column":23},"end":{"line":51,"column":35}},"12":{"start":{"line":52,"column":19},"end":{"line":52,"column":36}},"13":{"start":{"line":54,"column":2},"end":{"line":65,"column":4}},"14":{"start":{"line":62,"column":28},"end":{"line":62,"column":43}},"15":{"start":{"line":70,"column":15},"end":{"line":83,"column":2}}},"fnMap":{"0":{"name":"PokemonListScreen","decl":{"start":{"line":15,"column":9},"end":{"line":15,"column":26}},"loc":{"start":{"line":15,"column":64},"end":{"line":66,"column":1}},"line":15},"1":{"name":"(anonymous_1)","decl":{"start":{"line":19,"column":13},"end":{"line":19,"column":14}},"loc":{"start":{"line":19,"column":32},"end":{"line":19,"column":70}},"line":19},"2":{"name":"(anonymous_2)","decl":{"start":{"line":20,"column":22},"end":{"line":20,"column":23}},"loc":{"start":{"line":20,"column":43},"end":{"line":23,"column":5}},"line":20},"3":{"name":"pokemonListItemRenderer","decl":{"start":{"line":40,"column":11},"end":{"line":40,"column":34}},"loc":{"start":{"line":40,"column":54},"end":{"line":44,"column":3}},"line":40},"4":{"name":"pokemonListItemHandler","decl":{"start":{"line":46,"column":11},"end":{"line":46,"column":33}},"loc":{"start":{"line":46,"column":47},"end":{"line":48,"column":3}},"line":46},"5":{"name":"(anonymous_5)","decl":{"start":{"line":51,"column":13},"end":{"line":51,"column":14}},"loc":{"start":{"line":51,"column":23},"end":{"line":51,"column":35}},"line":51},"6":{"name":"(anonymous_6)","decl":{"start":{"line":52,"column":9},"end":{"line":52,"column":10}},"loc":{"start":{"line":52,"column":19},"end":{"line":52,"column":36}},"line":52},"7":{"name":"(anonymous_7)","decl":{"start":{"line":62,"column":22},"end":{"line":62,"column":23}},"loc":{"start":{"line":62,"column":28},"end":{"line":62,"column":43}},"line":62}},"branchMap":{"0":{"loc":{"start":{"line":26,"column":2},"end":{"line":34,"column":3}},"type":"if","locations":[{"start":{"line":26,"column":2},"end":{"line":34,"column":3}},{"start":{},"end":{}}],"line":26},"1":{"loc":{"start":{"line":36,"column":2},"end":{"line":38,"column":3}},"type":"if","locations":[{"start":{"line":36,"column":2},"end":{"line":38,"column":3}},{"start":{},"end":{}}],"line":36}},"s":{"0":0,"1":0,"2":0,"3":0,"4":0,"5":0,"6":0,"7":0,"8":0,"9":0,"10":0,"11":0,"12":0,"13":0,"14":0,"15":0},"f":{"0":0,"1":0,"2":0,"3":0,"4":0,"5":0,"6":0,"7":0},"b":{"0":[0,0],"1":[0,0]}}
,"/Users/anksharm56/development/SampleProjects/React Native Sample/PokemonRN/src/helpers/utils.ts": {"path":"/Users/anksharm56/development/SampleProjects/React Native Sample/PokemonRN/src/helpers/utils.ts","statementMap":{"0":{"start":{"line":3,"column":35},"end":{"line":6,"column":1}},"1":{"start":{"line":4,"column":16},"end":{"line":4,"column":30}},"2":{"start":{"line":5,"column":2},"end":{"line":5,"column":33}},"3":{"start":{"line":8,"column":38},"end":{"line":10,"column":1}},"4":{"start":{"line":9,"column":2},"end":{"line":9,"column":112}},"5":{"start":{"line":12,"column":33},"end":{"line":20,"column":1}},"6":{"start":{"line":13,"column":17},"end":{"line":13,"column":29}},"7":{"start":{"line":15,"column":2},"end":{"line":17,"column":4}},"8":{"start":{"line":16,"column":4},"end":{"line":16,"column":48}},"9":{"start":{"line":19,"column":2},"end":{"line":19,"column":27}}},"fnMap":{"0":{"name":"(anonymous_0)","decl":{"start":{"line":3,"column":35},"end":{"line":3,"column":36}},"loc":{"start":{"line":3,"column":44},"end":{"line":6,"column":1}},"line":3},"1":{"name":"(anonymous_1)","decl":{"start":{"line":8,"column":38},"end":{"line":8,"column":39}},"loc":{"start":{"line":8,"column":53},"end":{"line":10,"column":1}},"line":8},"2":{"name":"(anonymous_2)","decl":{"start":{"line":12,"column":33},"end":{"line":12,"column":34}},"loc":{"start":{"line":12,"column":50},"end":{"line":20,"column":1}},"line":12},"3":{"name":"(anonymous_3)","decl":{"start":{"line":15,"column":30},"end":{"line":15,"column":31}},"loc":{"start":{"line":16,"column":4},"end":{"line":16,"column":48}},"line":16}},"branchMap":{},"s":{"0":0,"1":0,"2":0,"3":0,"4":0,"5":0,"6":0,"7":0,"8":0,"9":0},"f":{"0":0,"1":0,"2":0,"3":0},"b":{}}
,"/Users/anksharm56/development/SampleProjects/React Native Sample/PokemonRN/src/models/Pokemon.ts": {"path":"/Users/anksharm56/development/SampleProjects/React Native Sample/PokemonRN/src/models/Pokemon.ts","statementMap":{"0":{"start":{"line":13,"column":22},"end":{"line":13,"column":51}},"1":{"start":{"line":14,"column":4},"end":{"line":14,"column":24}},"2":{"start":{"line":15,"column":4},"end":{"line":15,"column":40}},"3":{"start":{"line":16,"column":4},"end":{"line":16,"column":55}}},"fnMap":{"0":{"name":"(anonymous_0)","decl":{"start":{"line":12,"column":2},"end":{"line":12,"column":3}},"loc":{"start":{"line":12,"column":34},"end":{"line":17,"column":3}},"line":12}},"branchMap":{},"s":{"0":0,"1":0,"2":0,"3":0},"f":{"0":0},"b":{}}
,"/Users/anksharm56/development/SampleProjects/React Native Sample/PokemonRN/src/network-service/ApiRequest.js": {"path":"/Users/anksharm56/development/SampleProjects/React Native Sample/PokemonRN/src/network-service/ApiRequest.js","statementMap":{"0":{"start":{"line":4,"column":17},"end":{"line":4,"column":44}},"1":{"start":{"line":6,"column":19},"end":{"line":37,"column":1}},"2":{"start":{"line":7,"column":19},"end":{"line":7,"column":52}},"3":{"start":{"line":8,"column":24},"end":{"line":8,"column":66}},"4":{"start":{"line":10,"column":2},"end":{"line":10,"column":41}},"5":{"start":{"line":11,"column":12},"end":{"line":11,"column":36}},"6":{"start":{"line":12,"column":2},"end":{"line":14,"column":3}},"7":{"start":{"line":13,"column":4},"end":{"line":13,"column":48}},"8":{"start":{"line":17,"column":2},"end":{"line":17,"column":31}},"9":{"start":{"line":18,"column":2},"end":{"line":36,"column":3}},"10":{"start":{"line":19,"column":21},"end":{"line":24,"column":6}},"11":{"start":{"line":26,"column":4},"end":{"line":26,"column":41}},"12":{"start":{"line":27,"column":4},"end":{"line":29,"column":5}},"13":{"start":{"line":28,"column":6},"end":{"line":28,"column":53}},"14":{"start":{"line":31,"column":17},"end":{"line":31,"column":38}},"15":{"start":{"line":32,"column":4},"end":{"line":32,"column":16}},"16":{"start":{"line":34,"column":4},"end":{"line":34,"column":48}},"17":{"start":{"line":35,"column":4},"end":{"line":35,"column":16}}},"fnMap":{"0":{"name":"(anonymous_0)","decl":{"start":{"line":6,"column":19},"end":{"line":6,"column":20}},"loc":{"start":{"line":6,"column":48},"end":{"line":37,"column":1}},"line":6}},"branchMap":{"0":{"loc":{"start":{"line":6,"column":32},"end":{"line":6,"column":43}},"type":"default-arg","locations":[{"start":{"line":6,"column":41},"end":{"line":6,"column":43}}],"line":6},"1":{"loc":{"start":{"line":12,"column":2},"end":{"line":14,"column":3}},"type":"if","locations":[{"start":{"line":12,"column":2},"end":{"line":14,"column":3}},{"start":{},"end":{}}],"line":12},"2":{"loc":{"start":{"line":27,"column":4},"end":{"line":29,"column":5}},"type":"if","locations":[{"start":{"line":27,"column":4},"end":{"line":29,"column":5}},{"start":{},"end":{}}],"line":27}},"s":{"0":0,"1":0,"2":0,"3":0,"4":0,"5":0,"6":0,"7":0,"8":0,"9":0,"10":0,"11":0,"12":0,"13":0,"14":0,"15":0,"16":0,"17":0},"f":{"0":0},"b":{"0":[0],"1":[0,0],"2":[0,0]}}
,"/Users/anksharm56/development/SampleProjects/React Native Sample/PokemonRN/src/network-service/PokemonApi.js": {"path":"/Users/anksharm56/development/SampleProjects/React Native Sample/PokemonRN/src/network-service/PokemonApi.js","statementMap":{"0":{"start":{"line":1,"column":19},"end":{"line":39,"column":3}},"1":{"start":{"line":10,"column":6},"end":{"line":25,"column":7}},"2":{"start":{"line":12,"column":10},"end":{"line":12,"column":28}},"3":{"start":{"line":14,"column":10},"end":{"line":14,"column":48}},"4":{"start":{"line":16,"column":10},"end":{"line":16,"column":42}},"5":{"start":{"line":18,"column":10},"end":{"line":18,"column":56}},"6":{"start":{"line":20,"column":10},"end":{"line":20,"column":45}},"7":{"start":{"line":22,"column":10},"end":{"line":22,"column":56}},"8":{"start":{"line":24,"column":10},"end":{"line":24,"column":20}},"9":{"start":{"line":29,"column":6},"end":{"line":37,"column":7}},"10":{"start":{"line":31,"column":10},"end":{"line":34,"column":12}},"11":{"start":{"line":36,"column":10},"end":{"line":36,"column":22}}},"fnMap":{"0":{"name":"(anonymous_0)","decl":{"start":{"line":9,"column":14},"end":{"line":9,"column":15}},"loc":{"start":{"line":9,"column":32},"end":{"line":26,"column":5}},"line":9},"1":{"name":"(anonymous_1)","decl":{"start":{"line":28,"column":23},"end":{"line":28,"column":24}},"loc":{"start":{"line":28,"column":41},"end":{"line":38,"column":5}},"line":28}},"branchMap":{"0":{"loc":{"start":{"line":10,"column":6},"end":{"line":25,"column":7}},"type":"switch","locations":[{"start":{"line":11,"column":8},"end":{"line":12,"column":28}},{"start":{"line":13,"column":8},"end":{"line":14,"column":48}},{"start":{"line":15,"column":8},"end":{"line":16,"column":42}},{"start":{"line":17,"column":8},"end":{"line":18,"column":56}},{"start":{"line":19,"column":8},"end":{"line":20,"column":45}},{"start":{"line":21,"column":8},"end":{"line":22,"column":56}},{"start":{"line":23,"column":8},"end":{"line":24,"column":20}}],"line":10},"1":{"loc":{"start":{"line":29,"column":6},"end":{"line":37,"column":7}},"type":"switch","locations":[{"start":{"line":30,"column":8},"end":{"line":34,"column":12}},{"start":{"line":35,"column":8},"end":{"line":36,"column":22}}],"line":29}},"s":{"0":0,"1":0,"2":0,"3":0,"4":0,"5":0,"6":0,"7":0,"8":0,"9":0,"10":0,"11":0},"f":{"0":0,"1":0},"b":{"0":[0,0,0,0,0,0,0],"1":[0,0]}}
}
