{"/Users/anksharm56/development/SampleProjects/React Native Sample/PokemonRN/src/network-service/ApiRequest.js": {"path":"/Users/anksharm56/development/SampleProjects/React Native Sample/PokemonRN/src/network-service/ApiRequest.js","statementMap":{"0":{"start":{"line":4,"column":17},"end":{"line":4,"column":44}},"1":{"start":{"line":6,"column":19},"end":{"line":37,"column":1}},"2":{"start":{"line":7,"column":19},"end":{"line":7,"column":52}},"3":{"start":{"line":8,"column":24},"end":{"line":8,"column":66}},"4":{"start":{"line":10,"column":2},"end":{"line":10,"column":41}},"5":{"start":{"line":11,"column":12},"end":{"line":11,"column":36}},"6":{"start":{"line":12,"column":2},"end":{"line":14,"column":3}},"7":{"start":{"line":13,"column":4},"end":{"line":13,"column":48}},"8":{"start":{"line":17,"column":2},"end":{"line":17,"column":31}},"9":{"start":{"line":18,"column":2},"end":{"line":36,"column":3}},"10":{"start":{"line":19,"column":21},"end":{"line":24,"column":6}},"11":{"start":{"line":26,"column":4},"end":{"line":26,"column":41}},"12":{"start":{"line":27,"column":4},"end":{"line":29,"column":5}},"13":{"start":{"line":28,"column":6},"end":{"line":28,"column":53}},"14":{"start":{"line":31,"column":17},"end":{"line":31,"column":38}},"15":{"start":{"line":32,"column":4},"end":{"line":32,"column":16}},"16":{"start":{"line":34,"column":4},"end":{"line":34,"column":48}},"17":{"start":{"line":35,"column":4},"end":{"line":35,"column":16}}},"fnMap":{"0":{"name":"(anonymous_0)","decl":{"start":{"line":6,"column":19},"end":{"line":6,"column":20}},"loc":{"start":{"line":6,"column":48},"end":{"line":37,"column":1}},"line":6}},"branchMap":{"0":{"loc":{"start":{"line":6,"column":32},"end":{"line":6,"column":43}},"type":"default-arg","locations":[{"start":{"line":6,"column":41},"end":{"line":6,"column":43}}],"line":6},"1":{"loc":{"start":{"line":12,"column":2},"end":{"line":14,"column":3}},"type":"if","locations":[{"start":{"line":12,"column":2},"end":{"line":14,"column":3}},{"start":{},"end":{}}],"line":12},"2":{"loc":{"start":{"line":27,"column":4},"end":{"line":29,"column":5}},"type":"if","locations":[{"start":{"line":27,"column":4},"end":{"line":29,"column":5}},{"start":{},"end":{}}],"line":27}},"s":{"0":0,"1":0,"2":0,"3":0,"4":0,"5":0,"6":0,"7":0,"8":0,"9":0,"10":0,"11":0,"12":0,"13":0,"14":0,"15":0,"16":0,"17":0},"f":{"0":0},"b":{"0":[0],"1":[0,0],"2":[0,0]}}
,"/Users/anksharm56/development/SampleProjects/React Native Sample/PokemonRN/src/network-service/PokemonApi.js": {"path":"/Users/anksharm56/development/SampleProjects/React Native Sample/PokemonRN/src/network-service/PokemonApi.js","statementMap":{"0":{"start":{"line":1,"column":19},"end":{"line":39,"column":3}},"1":{"start":{"line":10,"column":6},"end":{"line":25,"column":7}},"2":{"start":{"line":12,"column":10},"end":{"line":12,"column":28}},"3":{"start":{"line":14,"column":10},"end":{"line":14,"column":48}},"4":{"start":{"line":16,"column":10},"end":{"line":16,"column":42}},"5":{"start":{"line":18,"column":10},"end":{"line":18,"column":56}},"6":{"start":{"line":20,"column":10},"end":{"line":20,"column":45}},"7":{"start":{"line":22,"column":10},"end":{"line":22,"column":56}},"8":{"start":{"line":24,"column":10},"end":{"line":24,"column":20}},"9":{"start":{"line":29,"column":6},"end":{"line":37,"column":7}},"10":{"start":{"line":31,"column":10},"end":{"line":34,"column":12}},"11":{"start":{"line":36,"column":10},"end":{"line":36,"column":22}}},"fnMap":{"0":{"name":"(anonymous_0)","decl":{"start":{"line":9,"column":14},"end":{"line":9,"column":15}},"loc":{"start":{"line":9,"column":32},"end":{"line":26,"column":5}},"line":9},"1":{"name":"(anonymous_1)","decl":{"start":{"line":28,"column":23},"end":{"line":28,"column":24}},"loc":{"start":{"line":28,"column":41},"end":{"line":38,"column":5}},"line":28}},"branchMap":{"0":{"loc":{"start":{"line":10,"column":6},"end":{"line":25,"column":7}},"type":"switch","locations":[{"start":{"line":11,"column":8},"end":{"line":12,"column":28}},{"start":{"line":13,"column":8},"end":{"line":14,"column":48}},{"start":{"line":15,"column":8},"end":{"line":16,"column":42}},{"start":{"line":17,"column":8},"end":{"line":18,"column":56}},{"start":{"line":19,"column":8},"end":{"line":20,"column":45}},{"start":{"line":21,"column":8},"end":{"line":22,"column":56}},{"start":{"line":23,"column":8},"end":{"line":24,"column":20}}],"line":10},"1":{"loc":{"start":{"line":29,"column":6},"end":{"line":37,"column":7}},"type":"switch","locations":[{"start":{"line":30,"column":8},"end":{"line":34,"column":12}},{"start":{"line":35,"column":8},"end":{"line":36,"column":22}}],"line":29}},"s":{"0":0,"1":0,"2":0,"3":0,"4":0,"5":0,"6":0,"7":0,"8":0,"9":0,"10":0,"11":0},"f":{"0":0,"1":0},"b":{"0":[0,0,0,0,0,0,0],"1":[0,0]}}
}
