TN:
SF:App.tsx
FN:22,App
FNF:1
FNH:0
FNDA:0,App
DA:10,0
DA:11,0
DA:12,0
DA:23,0
DA:24,0
LF:5
LH:0
BRF:0
BRH:0
end_of_record
TN:
SF:src/components/atoms/ActivityIndicatorView.tsx
FN:10,(anonymous_0)
FNF:1
FNH:1
FNDA:11,(anonymous_0)
DA:10,3
DA:15,11
DA:25,3
LF:3
LH:3
BRDA:11,0,0,10
BRDA:12,1,0,10
BRDA:13,2,0,10
BRF:3
BRH:3
end_of_record
TN:
SF:src/components/atoms/ImageView.tsx
FN:10,(anonymous_0)
FN:13,(anonymous_1)
FNF:2
FNH:2
FNDA:8,(anonymous_0)
FNDA:1,(anonymous_1)
DA:10,2
DA:11,8
DA:13,8
DA:14,1
DA:17,8
DA:32,2
LF:6
LH:6
BRDA:19,0,0,8
BRDA:19,0,1,7
BRF:2
BRH:2
end_of_record
TN:
SF:src/components/atoms/PopupView.tsx
FN:6,(anonymous_0)
FN:14,(anonymous_1)
FN:24,(anonymous_2)
FNF:3
FNH:0
FNDA:0,(anonymous_0)
FNDA:0,(anonymous_1)
FNDA:0,(anonymous_2)
DA:6,0
DA:7,0
DA:8,0
DA:15,0
DA:16,0
DA:24,0
DA:35,0
LF:7
LH:0
BRF:0
BRH:0
end_of_record
TN:
SF:src/components/organisms/PokemonListItem.tsx
FN:12,PokemonListItem
FN:19,(anonymous_1)
FN:23,(anonymous_2)
FNF:3
FNH:3
FNDA:3,PokemonListItem
FNDA:3,(anonymous_1)
FNDA:1,(anonymous_2)
DA:13,3
DA:15,3
DA:19,3
DA:23,1
DA:36,1
LF:5
LH:5
BRDA:21,0,0,0
BRDA:21,0,1,3
BRDA:48,1,0,1
BRDA:48,1,1,0
BRF:4
BRH:2
end_of_record
TN:
SF:src/components/organisms/PokemonSpecies.tsx
FN:16,(anonymous_0)
FN:23,(anonymous_1)
FN:46,(anonymous_2)
FN:49,(anonymous_3)
FNF:4
FNH:3
FNDA:3,(anonymous_0)
FNDA:0,(anonymous_1)
FNDA:2,(anonymous_2)
FNDA:2,(anonymous_3)
DA:16,1
DA:21,3
DA:23,0
DA:25,3
DA:26,1
DA:33,2
DA:34,1
DA:41,1
DA:42,1
DA:45,1
DA:46,2
DA:48,1
DA:49,2
DA:52,1
DA:54,1
DA:69,1
LF:16
LH:15
BRDA:25,0,0,1
BRDA:25,0,1,2
BRDA:33,1,0,1
BRDA:33,1,1,1
BRDA:42,2,0,1
BRDA:42,2,1,0
BRDA:54,3,0,0
BRDA:54,3,1,1
BRDA:56,4,0,0
BRDA:56,4,1,1
BRF:10
BRH:7
end_of_record
TN:
SF:src/components/pages/PokemonDetailScreen.tsx
FN:17,PokemonDetailScreen
FN:26,(anonymous_1)
FN:38,(anonymous_2)
FNF:3
FNH:0
FNDA:0,PokemonDetailScreen
FNDA:0,(anonymous_1)
FNDA:0,(anonymous_2)
DA:24,0
DA:26,0
DA:27,0
DA:36,0
DA:38,0
DA:41,0
DA:58,0
LF:7
LH:0
BRDA:41,0,0,0
BRDA:41,0,1,0
BRDA:45,1,0,0
BRDA:45,1,1,0
BRF:4
BRH:0
end_of_record
TN:
SF:src/components/pages/PokemonListScreen.tsx
FN:15,PokemonListScreen
FN:19,(anonymous_1)
FN:20,(anonymous_2)
FN:40,pokemonListItemRenderer
FN:46,pokemonListItemHandler
FN:51,(anonymous_5)
FN:52,(anonymous_6)
FN:62,(anonymous_7)
FNF:8
FNH:0
FNDA:0,PokemonListScreen
FNDA:0,(anonymous_1)
FNDA:0,(anonymous_2)
FNDA:0,pokemonListItemRenderer
FNDA:0,pokemonListItemHandler
FNDA:0,(anonymous_5)
FNDA:0,(anonymous_6)
FNDA:0,(anonymous_7)
DA:16,0
DA:19,0
DA:21,0
DA:22,0
DA:26,0
DA:27,0
DA:36,0
DA:37,0
DA:41,0
DA:47,0
DA:50,0
DA:51,0
DA:52,0
DA:54,0
DA:62,0
DA:70,0
LF:16
LH:0
BRDA:26,0,0,0
BRDA:26,0,1,0
BRDA:36,1,0,0
BRDA:36,1,1,0
BRF:4
BRH:0
end_of_record
TN:
SF:src/helpers/utils.ts
FN:3,(anonymous_0)
FN:8,(anonymous_1)
FN:12,(anonymous_2)
FN:15,(anonymous_3)
FNF:4
FNH:2
FNDA:2,(anonymous_0)
FNDA:2,(anonymous_1)
FNDA:0,(anonymous_2)
FNDA:0,(anonymous_3)
DA:3,2
DA:4,2
DA:5,2
DA:8,2
DA:9,2
DA:12,2
DA:13,0
DA:15,0
DA:16,0
DA:19,0
LF:10
LH:6
BRF:0
BRH:0
end_of_record
TN:
SF:src/models/Pokemon.ts
FN:13,(anonymous_0)
FNF:1
FNH:1
FNDA:2,(anonymous_0)
DA:14,2
DA:15,2
DA:16,2
DA:17,2
LF:4
LH:4
BRF:0
BRH:0
end_of_record
TN:
SF:src/network-service/ApiRequest.js
FN:6,(anonymous_0)
FNF:1
FNH:0
FNDA:0,(anonymous_0)
DA:4,1
DA:6,1
DA:7,0
DA:8,0
DA:10,0
DA:11,0
DA:12,0
DA:13,0
DA:17,0
DA:18,0
DA:19,0
DA:26,0
DA:27,0
DA:28,0
DA:31,0
DA:32,0
DA:34,0
DA:35,0
LF:18
LH:2
BRDA:6,0,0,0
BRDA:12,1,0,0
BRDA:12,1,1,0
BRDA:27,2,0,0
BRDA:27,2,1,0
BRF:5
BRH:0
end_of_record
TN:
SF:src/network-service/PokemonApi.js
FN:9,(anonymous_0)
FN:28,(anonymous_1)
FNF:2
FNH:0
FNDA:0,(anonymous_0)
FNDA:0,(anonymous_1)
DA:1,1
DA:10,0
DA:12,0
DA:14,0
DA:16,0
DA:18,0
DA:20,0
DA:22,0
DA:24,0
DA:29,0
DA:31,0
DA:36,0
LF:12
LH:1
BRDA:10,0,0,0
BRDA:10,0,1,0
BRDA:10,0,2,0
BRDA:10,0,3,0
BRDA:10,0,4,0
BRDA:10,0,5,0
BRDA:10,0,6,0
BRDA:29,1,0,0
BRDA:29,1,1,0
BRF:9
BRH:0
end_of_record
